[0.221s] DEBUG:colcon:Command line arguments: ['/usr/bin/colcon', 'build']
[0.222s] DEBUG:colcon:Parsed command line arguments: Namespace(allow_overriding=[], ament_cmake_args=None, base_paths=['.'], build_base='build', catkin_cmake_args=None, catkin_skip_building_tests=False, cmake_args=None, cmake_clean_cache=False, cmake_clean_first=False, cmake_force_configure=False, cmake_target=None, cmake_target_skip_unavailable=False, continue_on_error=False, event_handlers=None, executor='parallel', ignore_user_meta=False, install_base='install', log_base=None, log_level=None, main=<bound method BuildVerb.main of <colcon_core.verb.build.BuildVerb object at 0x7ff1e30f9280>>, merge_install=False, metas=['./colcon.meta'], mixin=None, mixin_files=None, mixin_verb=('build',), packages_above=None, packages_above_and_dependencies=None, packages_above_depth=None, packages_end=None, packages_ignore=None, packages_ignore_regex=None, packages_select=None, packages_select_build_failed=False, packages_select_by_dep=None, packages_select_regex=None, packages_select_test_failures=False, packages_skip=None, packages_skip_build_finished=False, packages_skip_by_dep=None, packages_skip_regex=None, packages_skip_test_passed=False, packages_skip_up_to=None, packages_start=None, packages_up_to=None, packages_up_to_regex=None, parallel_workers=4, paths=None, symlink_install=False, test_result_base=None, verb_extension=<colcon_core.verb.build.BuildVerb object at 0x7ff1e30f9280>, verb_name='build', verb_parser=<colcon_mixin.mixin.mixin_argument.MixinArgumentDecorator object at 0x7ff1e30f9760>)
[0.421s] Level 1:colcon.colcon_core.package_discovery:discover_packages(colcon_meta) check parameters
[0.421s] Level 1:colcon.colcon_core.package_discovery:discover_packages(recursive) check parameters
[0.421s] Level 1:colcon.colcon_core.package_discovery:discover_packages(ignore) check parameters
[0.421s] Level 1:colcon.colcon_core.package_discovery:discover_packages(path) check parameters
[0.421s] Level 1:colcon.colcon_core.package_discovery:discover_packages(colcon_meta) discover
[0.421s] Level 1:colcon.colcon_core.package_discovery:discover_packages(recursive) discover
[0.421s] INFO:colcon.colcon_core.package_discovery:Crawling recursively for packages in '/home/ubuntu/box_bot_ws/src/box_bot_pkg'
[0.421s] Level 1:colcon.colcon_core.package_identification:_identify(.) by extensions ['ignore', 'ignore_ament_install']
[0.421s] Level 1:colcon.colcon_core.package_identification:_identify(.) by extension 'ignore'
[0.421s] Level 1:colcon.colcon_core.package_identification:_identify(.) by extension 'ignore_ament_install'
[0.421s] Level 1:colcon.colcon_core.package_identification:_identify(.) by extensions ['colcon_pkg']
[0.421s] Level 1:colcon.colcon_core.package_identification:_identify(.) by extension 'colcon_pkg'
[0.421s] Level 1:colcon.colcon_core.package_identification:_identify(.) by extensions ['colcon_meta']
[0.421s] Level 1:colcon.colcon_core.package_identification:_identify(.) by extension 'colcon_meta'
[0.422s] Level 1:colcon.colcon_core.package_identification:_identify(.) by extensions ['ros']
[0.422s] Level 1:colcon.colcon_core.package_identification:_identify(.) by extension 'ros'
[0.439s] DEBUG:colcon.colcon_core.package_identification:Package '.' with type 'ros.ament_cmake' and name 'box_bot_pkg'
[0.439s] Level 1:colcon.colcon_core.package_discovery:discover_packages(recursive) using defaults
[0.439s] Level 1:colcon.colcon_core.package_discovery:discover_packages(ignore) discover
[0.439s] Level 1:colcon.colcon_core.package_discovery:discover_packages(ignore) using defaults
[0.439s] Level 1:colcon.colcon_core.package_discovery:discover_packages(path) discover
[0.439s] Level 1:colcon.colcon_core.package_discovery:discover_packages(path) using defaults
[0.456s] Level 1:colcon.colcon_core.package_discovery:discover_packages(prefix_path) check parameters
[0.456s] Level 1:colcon.colcon_core.package_discovery:discover_packages(prefix_path) discover
[0.458s] DEBUG:colcon.colcon_installed_package_information.package_discovery:Found 1 installed packages in /home/ubuntu/box_bot_ws/install
[0.460s] DEBUG:colcon.colcon_installed_package_information.package_discovery:Found 259 installed packages in /opt/ros/foxy
[0.462s] Level 1:colcon.colcon_core.package_discovery:discover_packages(prefix_path) using defaults
[0.549s] Level 5:colcon.colcon_core.verb:set package 'box_bot_pkg' build argument 'cmake_args' from command line to 'None'
[0.549s] Level 5:colcon.colcon_core.verb:set package 'box_bot_pkg' build argument 'cmake_target' from command line to 'None'
[0.549s] Level 5:colcon.colcon_core.verb:set package 'box_bot_pkg' build argument 'cmake_target_skip_unavailable' from command line to 'False'
[0.549s] Level 5:colcon.colcon_core.verb:set package 'box_bot_pkg' build argument 'cmake_clean_cache' from command line to 'False'
[0.549s] Level 5:colcon.colcon_core.verb:set package 'box_bot_pkg' build argument 'cmake_clean_first' from command line to 'False'
[0.549s] Level 5:colcon.colcon_core.verb:set package 'box_bot_pkg' build argument 'cmake_force_configure' from command line to 'False'
[0.549s] Level 5:colcon.colcon_core.verb:set package 'box_bot_pkg' build argument 'ament_cmake_args' from command line to 'None'
[0.549s] Level 5:colcon.colcon_core.verb:set package 'box_bot_pkg' build argument 'catkin_cmake_args' from command line to 'None'
[0.550s] Level 5:colcon.colcon_core.verb:set package 'box_bot_pkg' build argument 'catkin_skip_building_tests' from command line to 'False'
[0.550s] DEBUG:colcon.colcon_core.verb:Building package 'box_bot_pkg' with the following arguments: {'ament_cmake_args': None, 'build_base': '/home/ubuntu/box_bot_ws/src/box_bot_pkg/build/box_bot_pkg', 'catkin_cmake_args': None, 'catkin_skip_building_tests': False, 'cmake_args': None, 'cmake_clean_cache': False, 'cmake_clean_first': False, 'cmake_force_configure': False, 'cmake_target': None, 'cmake_target_skip_unavailable': False, 'install_base': '/home/ubuntu/box_bot_ws/src/box_bot_pkg/install/box_bot_pkg', 'merge_install': False, 'path': '/home/ubuntu/box_bot_ws/src/box_bot_pkg', 'symlink_install': False, 'test_result_base': None}
[0.550s] INFO:colcon.colcon_core.executor:Executing jobs using 'parallel' executor
[0.551s] DEBUG:colcon.colcon_parallel_executor.executor.parallel:run_until_complete
[0.551s] INFO:colcon.colcon_ros.task.ament_cmake.build:Building ROS package in '/home/ubuntu/box_bot_ws/src/box_bot_pkg' with build type 'ament_cmake'
[0.552s] INFO:colcon.colcon_cmake.task.cmake.build:Building CMake package in '/home/ubuntu/box_bot_ws/src/box_bot_pkg'
[0.555s] INFO:colcon.colcon_core.plugin_system:Skipping extension 'colcon_core.shell.bat': Not used on non-Windows systems
[0.555s] INFO:colcon.colcon_core.shell:Skip shell extension 'powershell' for command environment: Not usable outside of PowerShell
[0.555s] DEBUG:colcon.colcon_core.shell:Skip shell extension 'dsv' for command environment
[0.568s] DEBUG:colcon.colcon_core.event_handler.log_command:Invoking command in '/home/ubuntu/box_bot_ws/src/box_bot_pkg/build/box_bot_pkg': CMAKE_PREFIX_PATH=${CMAKE_PREFIX_PATH}:/opt/ros/foxy /usr/bin/cmake /home/ubuntu/box_bot_ws/src/box_bot_pkg -DCMAKE_INSTALL_PREFIX=/home/ubuntu/box_bot_ws/src/box_bot_pkg/install/box_bot_pkg
[2.598s] DEBUG:colcon.colcon_core.event_handler.log_command:Invoked command in '/home/ubuntu/box_bot_ws/src/box_bot_pkg/build/box_bot_pkg' returned '0': CMAKE_PREFIX_PATH=${CMAKE_PREFIX_PATH}:/opt/ros/foxy /usr/bin/cmake /home/ubuntu/box_bot_ws/src/box_bot_pkg -DCMAKE_INSTALL_PREFIX=/home/ubuntu/box_bot_ws/src/box_bot_pkg/install/box_bot_pkg
[2.601s] DEBUG:colcon.colcon_core.event_handler.log_command:Invoking command in '/home/ubuntu/box_bot_ws/src/box_bot_pkg/build/box_bot_pkg': CMAKE_PREFIX_PATH=${CMAKE_PREFIX_PATH}:/opt/ros/foxy /usr/bin/cmake --build /home/ubuntu/box_bot_ws/src/box_bot_pkg/build/box_bot_pkg -- -j4 -l4
[2.657s] DEBUG:colcon.colcon_core.event_handler.log_command:Invoked command in '/home/ubuntu/box_bot_ws/src/box_bot_pkg/build/box_bot_pkg' returned '0': CMAKE_PREFIX_PATH=${CMAKE_PREFIX_PATH}:/opt/ros/foxy /usr/bin/cmake --build /home/ubuntu/box_bot_ws/src/box_bot_pkg/build/box_bot_pkg -- -j4 -l4
[2.702s] DEBUG:colcon.colcon_core.event_handler.log_command:Invoking command in '/home/ubuntu/box_bot_ws/src/box_bot_pkg/build/box_bot_pkg': CMAKE_PREFIX_PATH=${CMAKE_PREFIX_PATH}:/opt/ros/foxy /usr/bin/cmake --install /home/ubuntu/box_bot_ws/src/box_bot_pkg/build/box_bot_pkg
[2.724s] Level 1:colcon.colcon_core.environment:create_environment_scripts_only(box_bot_pkg)
[2.725s] DEBUG:colcon.colcon_core.event_handler.log_command:Invoked command in '/home/ubuntu/box_bot_ws/src/box_bot_pkg/build/box_bot_pkg' returned '0': CMAKE_PREFIX_PATH=${CMAKE_PREFIX_PATH}:/opt/ros/foxy /usr/bin/cmake --install /home/ubuntu/box_bot_ws/src/box_bot_pkg/build/box_bot_pkg
[2.728s] Level 1:colcon.colcon_core.environment:checking '/home/ubuntu/box_bot_ws/src/box_bot_pkg/install/box_bot_pkg' for CMake module files
[2.728s] Level 1:colcon.colcon_core.environment:checking '/home/ubuntu/box_bot_ws/src/box_bot_pkg/install/box_bot_pkg' for CMake config files
[2.729s] Level 1:colcon.colcon_core.environment:checking '/home/ubuntu/box_bot_ws/src/box_bot_pkg/install/box_bot_pkg/bin'
[2.729s] Level 1:colcon.colcon_core.environment:checking '/home/ubuntu/box_bot_ws/src/box_bot_pkg/install/box_bot_pkg/lib/pkgconfig/box_bot_pkg.pc'
[2.729s] Level 1:colcon.colcon_core.environment:checking '/home/ubuntu/box_bot_ws/src/box_bot_pkg/install/box_bot_pkg/lib/python3.8/site-packages'
[2.730s] Level 1:colcon.colcon_core.environment:checking '/home/ubuntu/box_bot_ws/src/box_bot_pkg/install/box_bot_pkg/bin'
[2.730s] INFO:colcon.colcon_core.shell:Creating package script '/home/ubuntu/box_bot_ws/src/box_bot_pkg/install/box_bot_pkg/share/box_bot_pkg/package.ps1'
[2.731s] INFO:colcon.colcon_core.shell:Creating package descriptor '/home/ubuntu/box_bot_ws/src/box_bot_pkg/install/box_bot_pkg/share/box_bot_pkg/package.dsv'
[2.732s] INFO:colcon.colcon_core.shell:Creating package script '/home/ubuntu/box_bot_ws/src/box_bot_pkg/install/box_bot_pkg/share/box_bot_pkg/package.sh'
[2.733s] INFO:colcon.colcon_core.shell:Creating package script '/home/ubuntu/box_bot_ws/src/box_bot_pkg/install/box_bot_pkg/share/box_bot_pkg/package.bash'
[2.735s] INFO:colcon.colcon_core.shell:Creating package script '/home/ubuntu/box_bot_ws/src/box_bot_pkg/install/box_bot_pkg/share/box_bot_pkg/package.zsh'
[2.736s] Level 1:colcon.colcon_core.environment:create_file_with_runtime_dependencies(/home/ubuntu/box_bot_ws/src/box_bot_pkg/install/box_bot_pkg/share/colcon-core/packages/box_bot_pkg)
[2.762s] Level 1:colcon.colcon_core.environment:create_environment_scripts_only(box_bot_pkg)
[2.763s] Level 1:colcon.colcon_core.environment:checking '/home/ubuntu/box_bot_ws/src/box_bot_pkg/install/box_bot_pkg' for CMake module files
[2.763s] Level 1:colcon.colcon_core.environment:checking '/home/ubuntu/box_bot_ws/src/box_bot_pkg/install/box_bot_pkg' for CMake config files
[2.764s] Level 1:colcon.colcon_core.environment:checking '/home/ubuntu/box_bot_ws/src/box_bot_pkg/install/box_bot_pkg/bin'
[2.764s] Level 1:colcon.colcon_core.environment:checking '/home/ubuntu/box_bot_ws/src/box_bot_pkg/install/box_bot_pkg/lib/pkgconfig/box_bot_pkg.pc'
[2.764s] Level 1:colcon.colcon_core.environment:checking '/home/ubuntu/box_bot_ws/src/box_bot_pkg/install/box_bot_pkg/lib/python3.8/site-packages'
[2.764s] Level 1:colcon.colcon_core.environment:checking '/home/ubuntu/box_bot_ws/src/box_bot_pkg/install/box_bot_pkg/bin'
[2.764s] INFO:colcon.colcon_core.shell:Creating package script '/home/ubuntu/box_bot_ws/src/box_bot_pkg/install/box_bot_pkg/share/box_bot_pkg/package.ps1'
[2.765s] INFO:colcon.colcon_core.shell:Creating package descriptor '/home/ubuntu/box_bot_ws/src/box_bot_pkg/install/box_bot_pkg/share/box_bot_pkg/package.dsv'
[2.765s] INFO:colcon.colcon_core.shell:Creating package script '/home/ubuntu/box_bot_ws/src/box_bot_pkg/install/box_bot_pkg/share/box_bot_pkg/package.sh'
[2.766s] INFO:colcon.colcon_core.shell:Creating package script '/home/ubuntu/box_bot_ws/src/box_bot_pkg/install/box_bot_pkg/share/box_bot_pkg/package.bash'
[2.766s] INFO:colcon.colcon_core.shell:Creating package script '/home/ubuntu/box_bot_ws/src/box_bot_pkg/install/box_bot_pkg/share/box_bot_pkg/package.zsh'
[2.767s] Level 1:colcon.colcon_core.environment:create_file_with_runtime_dependencies(/home/ubuntu/box_bot_ws/src/box_bot_pkg/install/box_bot_pkg/share/colcon-core/packages/box_bot_pkg)
[2.767s] DEBUG:colcon.colcon_parallel_executor.executor.parallel:closing loop
[2.768s] DEBUG:colcon.colcon_parallel_executor.executor.parallel:loop closed
[2.768s] DEBUG:colcon.colcon_parallel_executor.executor.parallel:run_until_complete finished with '0'
[2.768s] DEBUG:colcon.colcon_core.event_reactor:joining thread
[2.774s] INFO:colcon.colcon_core.plugin_system:Skipping extension 'colcon_notification.desktop_notification.terminal_notifier': Not used on non-Darwin systems
[2.774s] INFO:colcon.colcon_core.plugin_system:Skipping extension 'colcon_notification.desktop_notification.win32': Not used on non-Windows systems
[2.775s] INFO:colcon.colcon_notification.desktop_notification:Sending desktop notification using 'notify2'
[2.795s] DEBUG:colcon.colcon_core.event_reactor:joined thread
[2.796s] INFO:colcon.colcon_core.shell:Creating prefix script '/home/ubuntu/box_bot_ws/src/box_bot_pkg/install/local_setup.ps1'
[2.797s] INFO:colcon.colcon_core.shell:Creating prefix util module '/home/ubuntu/box_bot_ws/src/box_bot_pkg/install/_local_setup_util_ps1.py'
[2.798s] INFO:colcon.colcon_core.shell:Creating prefix chain script '/home/ubuntu/box_bot_ws/src/box_bot_pkg/install/setup.ps1'
[2.799s] INFO:colcon.colcon_core.shell:Creating prefix script '/home/ubuntu/box_bot_ws/src/box_bot_pkg/install/local_setup.sh'
[2.800s] INFO:colcon.colcon_core.shell:Creating prefix util module '/home/ubuntu/box_bot_ws/src/box_bot_pkg/install/_local_setup_util_sh.py'
[2.801s] INFO:colcon.colcon_core.shell:Creating prefix chain script '/home/ubuntu/box_bot_ws/src/box_bot_pkg/install/setup.sh'
[2.803s] INFO:colcon.colcon_core.shell:Creating prefix script '/home/ubuntu/box_bot_ws/src/box_bot_pkg/install/local_setup.bash'
[2.804s] INFO:colcon.colcon_core.shell:Creating prefix chain script '/home/ubuntu/box_bot_ws/src/box_bot_pkg/install/setup.bash'
[2.806s] INFO:colcon.colcon_core.shell:Creating prefix script '/home/ubuntu/box_bot_ws/src/box_bot_pkg/install/local_setup.zsh'
[2.806s] INFO:colcon.colcon_core.shell:Creating prefix chain script '/home/ubuntu/box_bot_ws/src/box_bot_pkg/install/setup.zsh'
